
10-11-2018 09:42:37pm - User Admin successfully logout.
10-11-2018 09:42:43pm - User Admin successfully login.
10-11-2018 09:44:16pm - User Admin successfully logout.
10-11-2018 09:44:21pm - User Wilson successfully login.
10-11-2018 09:44:35pm - User Wilson successfully logout.
10-11-2018 09:48:08pm - User Admin successfully login.
11-11-2018 06:35:21pm - User Admin successfully login.
12-11-2018 05:13:08pm - User Admin successfully login.
12-11-2018 07:31:43pm - User Admin successfully login.
12-11-2018 07:48:13pm - User Admin successfully create a new invoice for T123.
12-11-2018 07:48:13pm - User Admin successfully added new stock quantity up to481.
12-11-2018 07:48:13pm - User Admin successfully create new invoice 1.
12-11-2018 07:48:13pm - User Admin successfully change stock 's price to RM1400.
12-11-2018 07:48:13pm - User Admin successfully added debit listing for invoice 15.
12-11-2018 07:52:01pm - User Admin successfully create a new invoice for T123.
12-11-2018 07:52:01pm - User Admin successfully added new stock quantity up to479.
12-11-2018 07:52:01pm - User Admin successfully create new invoice 1.
12-11-2018 07:52:01pm - User Admin successfully change stock 's price to RM1400.
12-11-2018 07:52:01pm - User Admin successfully added debit listing for invoice 16.
12-11-2018 09:37:00pm - User Admin successfully logout.
12-11-2018 09:37:04pm - User Wilson successfully login.
12-11-2018 09:37:19pm - User Wilson successfully logout.
12-11-2018 09:37:23pm - User Admin successfully login.
14-11-2018 09:20:09am - User Admin successfully login.
14-11-2018 10:56:22am - User Admin successfully logout.
14-11-2018 10:56:27am - User Wilson successfully login.